<?xml version="1.0" encoding="UTF-8"?>
<!-- Generated by org.testng.reporters.JUnitReportReporter -->
<testsuite hostname="paramdeep-QA" failures="0" tests="3" name="com.qa.testcase.ConnectionAddressTest" time="100.604" errors="0" timestamp="27 Aug 2021 17:17:31 GMT" skipped="2">
  <testcase classname="com.qa.testcase.ConnectionAddressTest" name="validateAllSectionConnectionAddressPageTest" time="100.604"/>
  <testcase classname="com.qa.testcase.ConnectionAddressTest" name="validateBillingdeliveryAddressTest">
    <skipped/>
  </testcase> <!-- validateBillingdeliveryAddressTest -->
  <testcase classname="com.qa.testcase.ConnectionAddressTest" name="validateConnectionDetailsSectionTest">
    <skipped/>
  </testcase> <!-- validateConnectionDetailsSectionTest -->
</testsuite> <!-- com.qa.testcase.ConnectionAddressTest -->
