<?xml version="1.0" encoding="UTF-8"?>
<!-- Generated by org.testng.reporters.JUnitReportReporter -->
<testsuite hostname="paramdeep-QA" failures="0" tests="5" name="com.qa.testcase.AddressDetailsTest" time="71.468" errors="0" timestamp="08 Nov 2021 17:18:37 GMT" skipped="3">
  <testcase classname="com.qa.testcase.AddressDetailsTest" name="validateNextButtonTest" time="34.827"/>
  <testcase classname="com.qa.testcase.AddressDetailsTest" name="validateWeekendDateTest" time="36.641"/>
  <testcase classname="com.qa.testcase.AddressDetailsTest" name="validateSpecialNoteTest">
    <skipped/>
  </testcase> <!-- validateSpecialNoteTest -->
  <testcase classname="com.qa.testcase.AddressDetailsTest" name="validateSelectDateTest">
    <skipped/>
  </testcase> <!-- validateSelectDateTest -->
  <testcase classname="com.qa.testcase.AddressDetailsTest" name="validateRibbonTest">
    <skipped/>
  </testcase> <!-- validateRibbonTest -->
</testsuite> <!-- com.qa.testcase.AddressDetailsTest -->
