<?xml version="1.0" encoding="UTF-8"?>
<!-- Generated by org.testng.reporters.JUnitReportReporter -->
<testsuite hostname="paramdeep-QA" failures="0" tests="7" name="com.qa.testcase.BasicInfoPageTest" time="62.030" errors="0" timestamp="19 Sep 2021 15:11:43 GMT" skipped="6">
  <testcase classname="com.qa.testcase.BasicInfoPageTest" name="validateAllSectionTest" time="62.030"/>
  <testcase classname="com.qa.testcase.BasicInfoPageTest" name="validateconnectionDetailsSectionTest">
    <skipped/>
  </testcase> <!-- validateconnectionDetailsSectionTest -->
  <testcase classname="com.qa.testcase.BasicInfoPageTest" name="validateYourDetailsSectionTest">
    <skipped/>
  </testcase> <!-- validateYourDetailsSectionTest -->
  <testcase classname="com.qa.testcase.BasicInfoPageTest" name="validateAddOntitleTest">
    <skipped/>
  </testcase> <!-- validateAddOntitleTest -->
  <testcase classname="com.qa.testcase.BasicInfoPageTest" name="validateIdentificationDetailsSectionTest">
    <skipped/>
  </testcase> <!-- validateIdentificationDetailsSectionTest -->
  <testcase classname="com.qa.testcase.BasicInfoPageTest" name="validateErrorMessagesTest">
    <skipped/>
  </testcase> <!-- validateErrorMessagesTest -->
  <testcase classname="com.qa.testcase.BasicInfoPageTest" name="validatevalidationmessagesTest">
    <skipped/>
  </testcase> <!-- validatevalidationmessagesTest -->
</testsuite> <!-- com.qa.testcase.BasicInfoPageTest -->
