<?xml version="1.0" encoding="UTF-8"?>
<!-- Generated by org.testng.reporters.JUnitReportReporter -->
<testsuite hostname="paramdeep-QA" failures="0" tests="3" name="com.qa.testcase.AddressDetailsTest" time="36.844" errors="0" timestamp="02 Sep 2021 15:22:13 GMT" skipped="1">
  <testcase classname="com.qa.testcase.AddressDetailsTest" name="validateSpecialNoteTest" time="15.350"/>
  <testcase classname="com.qa.testcase.AddressDetailsTest" name="validateNextButtonTest" time="21.494"/>
  <testcase classname="com.qa.testcase.AddressDetailsTest" name="validateRibbonTest">
    <skipped/>
  </testcase> <!-- validateRibbonTest -->
</testsuite> <!-- com.qa.testcase.AddressDetailsTest -->
