<?xml version="1.0" encoding="UTF-8"?>
<!-- Generated by org.testng.reporters.JUnitReportReporter -->
<testsuite hostname="paramdeep-QA" failures="0" tests="2" name="com.qa.testcase.AddOnPageTest" time="143.991" errors="0" timestamp="28 Oct 2021 18:35:41 GMT" skipped="1">
  <testcase classname="com.qa.testcase.AddOnPageTest" name="validateFullJourneyTest" time="143.991"/>
  <testcase classname="com.qa.testcase.AddOnPageTest" name="validateAddOntitleTest">
    <skipped/>
  </testcase> <!-- validateAddOntitleTest -->
</testsuite> <!-- com.qa.testcase.AddOnPageTest -->
