<?xml version="1.0" encoding="UTF-8"?>
<!-- Generated by org.testng.reporters.JUnitReportReporter -->
<testsuite hostname="paramdeep-QA" failures="0" tests="10" name="com.qa.testcase.HomePageTest" time="33.887" errors="0" timestamp="25 Sep 2021 08:23:57 GMT" skipped="9">
  <testcase classname="com.qa.testcase.HomePageTest" name="validateEnterAddressTest" time="33.887"/>
  <testcase classname="com.qa.testcase.HomePageTest" name="validatehomePageImageTest">
    <skipped/>
  </testcase> <!-- validatehomePageImageTest -->
  <testcase classname="com.qa.testcase.HomePageTest" name="validateWrongAddressTest">
    <skipped/>
  </testcase> <!-- validateWrongAddressTest -->
  <testcase classname="com.qa.testcase.HomePageTest" name="validatehomeLOGOTest">
    <skipped/>
  </testcase> <!-- validatehomeLOGOTest -->
  <testcase classname="com.qa.testcase.HomePageTest" name="validateBeowh1HeadingTest">
    <skipped/>
  </testcase> <!-- validateBeowh1HeadingTest -->
  <testcase classname="com.qa.testcase.HomePageTest" name="validateEmptyAddressTest">
    <skipped/>
  </testcase> <!-- validateEmptyAddressTest -->
  <testcase classname="com.qa.testcase.HomePageTest" name="validateNavBarTest">
    <skipped/>
  </testcase> <!-- validateNavBarTest -->
  <testcase classname="com.qa.testcase.HomePageTest" name="validateh1HeadingTest">
    <skipped/>
  </testcase> <!-- validateh1HeadingTest -->
  <testcase classname="com.qa.testcase.HomePageTest" name="valdateValidationMessagesManualAddressTest">
    <skipped/>
  </testcase> <!-- valdateValidationMessagesManualAddressTest -->
  <testcase classname="com.qa.testcase.HomePageTest" name="validateHomePageTitleTest">
    <skipped/>
  </testcase> <!-- validateHomePageTitleTest -->
</testsuite> <!-- com.qa.testcase.HomePageTest -->
