<?xml version="1.0" encoding="UTF-8"?>
<!-- Generated by org.testng.reporters.JUnitReportReporter -->
<testsuite hostname="paramdeep-QA" failures="0" tests="3" name="com.qa.testcase.AddOnPageTest" time="41.804" errors="0" timestamp="10 Sep 2021 17:29:37 GMT" skipped="2">
  <testcase classname="com.qa.testcase.AddOnPageTest" name="validateHomeCallingSectionTest" time="41.804"/>
  <testcase classname="com.qa.testcase.AddOnPageTest" name="validateIdentificationButtonTest">
    <skipped/>
  </testcase> <!-- validateIdentificationButtonTest -->
  <testcase classname="com.qa.testcase.AddOnPageTest" name="validateAddOntitleTest">
    <skipped/>
  </testcase> <!-- validateAddOntitleTest -->
</testsuite> <!-- com.qa.testcase.AddOnPageTest -->
