<?xml version="1.0" encoding="UTF-8"?>
<!-- Generated by org.testng.reporters.JUnitReportReporter -->
<testsuite hostname="paramdeep-QA" failures="0" tests="6" name="com.qa.testcase.BasicInfoPageTest" time="127.083" errors="0" timestamp="15 Aug 2021 18:39:24 GMT" skipped="5">
  <testcase classname="com.qa.testcase.BasicInfoPageTest" name="validateEmploymentdetailsSectionTest" time="127.083"/>
  <testcase classname="com.qa.testcase.BasicInfoPageTest" name="validateconnectionDetailsSectionTest">
    <skipped/>
  </testcase> <!-- validateconnectionDetailsSectionTest -->
  <testcase classname="com.qa.testcase.BasicInfoPageTest" name="validateYourDetailsSectionTest">
    <skipped/>
  </testcase> <!-- validateYourDetailsSectionTest -->
  <testcase classname="com.qa.testcase.BasicInfoPageTest" name="validateAddOntitleTest">
    <skipped/>
  </testcase> <!-- validateAddOntitleTest -->
  <testcase classname="com.qa.testcase.BasicInfoPageTest" name="validateIdentificationDetailsSectionTest">
    <skipped/>
  </testcase> <!-- validateIdentificationDetailsSectionTest -->
  <testcase classname="com.qa.testcase.BasicInfoPageTest" name="validateErrorMessagesTest">
    <skipped/>
  </testcase> <!-- validateErrorMessagesTest -->
</testsuite> <!-- com.qa.testcase.BasicInfoPageTest -->
