<?xml version="1.0" encoding="UTF-8"?>
<!-- Generated by org.testng.reporters.JUnitReportReporter -->
<testsuite hostname="paramdeep-QA" failures="0" tests="1" name="com.qa.testcase.SaleCreatedTest" time="161.565" errors="0" timestamp="05 Nov 2021 16:31:16 GMT" skipped="0">
  <testcase classname="com.qa.testcase.SaleCreatedTest" name="validateYourDetailsTest" time="161.565"/>
</testsuite> <!-- com.qa.testcase.SaleCreatedTest -->
