<?xml version="1.0" encoding="UTF-8"?>
<!-- Generated by org.testng.reporters.JUnitReportReporter -->
<testsuite hostname="paramdeep-QA" failures="0" tests="4" name="com.qa.testcase.AddressDetailsTest" time="30.427" errors="0" timestamp="01 Nov 2021 18:24:56 GMT" skipped="3">
  <testcase classname="com.qa.testcase.AddressDetailsTest" name="validateNextButtonTest" time="30.427"/>
  <testcase classname="com.qa.testcase.AddressDetailsTest" name="validateSpecialNoteTest">
    <skipped/>
  </testcase> <!-- validateSpecialNoteTest -->
  <testcase classname="com.qa.testcase.AddressDetailsTest" name="validateSelectDateTest">
    <skipped/>
  </testcase> <!-- validateSelectDateTest -->
  <testcase classname="com.qa.testcase.AddressDetailsTest" name="validateRibbonTest">
    <skipped/>
  </testcase> <!-- validateRibbonTest -->
</testsuite> <!-- com.qa.testcase.AddressDetailsTest -->
