<?xml version="1.0" encoding="UTF-8"?>
<!-- Generated by org.testng.reporters.JUnitReportReporter -->
<testsuite hostname="paramdeep-QA" failures="0" tests="3" name="com.qa.testcase.AddOnPageTest" time="209.306" errors="0" timestamp="16 Nov 2021 15:41:27 GMT" skipped="2">
  <testcase classname="com.qa.testcase.AddOnPageTest" name="validatePOPTest" time="209.306"/>
  <testcase classname="com.qa.testcase.AddOnPageTest" name="validateFullJourneyTest">
    <skipped/>
  </testcase> <!-- validateFullJourneyTest -->
  <testcase classname="com.qa.testcase.AddOnPageTest" name="validateAddOntitleTest">
    <skipped/>
  </testcase> <!-- validateAddOntitleTest -->
</testsuite> <!-- com.qa.testcase.AddOnPageTest -->
