<?xml version="1.0" encoding="UTF-8"?>
<!-- Generated by org.testng.reporters.JUnitReportReporter -->
<testsuite hostname="paramdeep-QA" failures="0" tests="4" name="com.qa.testcase.AddressDetailsTest" time="16.842" errors="0" timestamp="11 Sep 2021 20:52:50 GMT" skipped="3">
  <testcase classname="com.qa.testcase.AddressDetailsTest" name="validateSelectDateTest" time="16.842"/>
  <testcase classname="com.qa.testcase.AddressDetailsTest" name="validateSpecialNoteTest">
    <skipped/>
  </testcase> <!-- validateSpecialNoteTest -->
  <testcase classname="com.qa.testcase.AddressDetailsTest" name="validateRibbonTest">
    <skipped/>
  </testcase> <!-- validateRibbonTest -->
  <testcase classname="com.qa.testcase.AddressDetailsTest" name="validateNextButtonTest">
    <skipped/>
  </testcase> <!-- validateNextButtonTest -->
</testsuite> <!-- com.qa.testcase.AddressDetailsTest -->
