<?xml version="1.0" encoding="UTF-8"?>
<!-- Generated by org.testng.reporters.JUnitReportReporter -->
<testsuite hostname="paramdeep-QA" failures="0" tests="5" name="com.qa.testcase.ConnectionAddressTest" time="99.973" errors="0" timestamp="27 Oct 2021 20:02:18 GMT" skipped="4">
  <testcase classname="com.qa.testcase.ConnectionAddressTest" name="validateEmptyValidationMessageConnectionAddressPageTest" time="99.973"/>
  <testcase classname="com.qa.testcase.ConnectionAddressTest" name="validateBillingdeliveryAddressTest">
    <skipped/>
  </testcase> <!-- validateBillingdeliveryAddressTest -->
  <testcase classname="com.qa.testcase.ConnectionAddressTest" name="validateConnectionDeliverDateTest">
    <skipped/>
  </testcase> <!-- validateConnectionDeliverDateTest -->
  <testcase classname="com.qa.testcase.ConnectionAddressTest" name="validateConnectionDetailsSectionTest">
    <skipped/>
  </testcase> <!-- validateConnectionDetailsSectionTest -->
  <testcase classname="com.qa.testcase.ConnectionAddressTest" name="validateAllSectionConnectionAddressPageTest">
    <skipped/>
  </testcase> <!-- validateAllSectionConnectionAddressPageTest -->
</testsuite> <!-- com.qa.testcase.ConnectionAddressTest -->
