<?xml version="1.0" encoding="UTF-8"?>
<!-- Generated by org.testng.reporters.JUnitReportReporter -->
<testsuite hostname="paramdeep-QA" failures="0" tests="2" name="com.qa.testcase.AddOnPageTest" time="68.519" errors="0" timestamp="05 Nov 2021 17:48:30 GMT" skipped="1">
  <testcase classname="com.qa.testcase.AddOnPageTest" name="validateAddOntitleTest" time="68.519"/>
  <testcase classname="com.qa.testcase.AddOnPageTest" name="validateFullJourneyTest">
    <skipped/>
  </testcase> <!-- validateFullJourneyTest -->
</testsuite> <!-- com.qa.testcase.AddOnPageTest -->
