<?xml version="1.0" encoding="UTF-8"?>
<!-- Generated by org.testng.reporters.JUnitReportReporter -->
<testsuite hostname="paramdeep-QA" failures="0" tests="3" name="com.qa.testcase.AddOnPageTest" time="58.970" errors="0" timestamp="30 Nov 2021 18:19:41 GMT" skipped="2">
  <testcase classname="com.qa.testcase.AddOnPageTest" name="validatePlanNameTest" time="58.970"/>
  <testcase classname="com.qa.testcase.AddOnPageTest" name="validateFullJourneyTest">
    <skipped/>
  </testcase> <!-- validateFullJourneyTest -->
  <testcase classname="com.qa.testcase.AddOnPageTest" name="validateAddOntitleTest">
    <skipped/>
  </testcase> <!-- validateAddOntitleTest -->
</testsuite> <!-- com.qa.testcase.AddOnPageTest -->
