<?xml version="1.0" encoding="UTF-8"?>
<!-- Generated by org.testng.reporters.JUnitReportReporter -->
<testsuite hostname="paramdeep-QA" failures="0" tests="1" name="com.qa.testcase.OtpTest" time="157.415" errors="0" timestamp="15 Aug 2021 11:42:10 GMT" skipped="0">
  <testcase classname="com.qa.testcase.OtpTest" name="validateOTPTest" time="157.415"/>
</testsuite> <!-- com.qa.testcase.OtpTest -->
