<?xml version="1.0" encoding="UTF-8"?>
<!-- Generated by org.testng.reporters.JUnitReportReporter -->
<testsuite hostname="paramdeep-QA" failures="0" tests="2" name="com.qa.testcase.AddOnPageTest" time="58.139" errors="0" timestamp="07 Aug 2021 08:51:43 GMT" skipped="1">
  <testcase classname="com.qa.testcase.AddOnPageTest" name="validateIdentificationButtonTest" time="58.139"/>
  <testcase classname="com.qa.testcase.AddOnPageTest" name="validateAddOntitleTest">
    <skipped/>
  </testcase> <!-- validateAddOntitleTest -->
</testsuite> <!-- com.qa.testcase.AddOnPageTest -->
