<?xml version="1.0" encoding="UTF-8"?>
<!-- Generated by org.testng.reporters.JUnitReportReporter -->
<testsuite hostname="paramdeep-QA" failures="0" tests="4" name="com.qa.testcase.ConnectionAddressTest" time="99.166" errors="0" timestamp="02 Sep 2021 08:12:40 GMT" skipped="3">
  <testcase classname="com.qa.testcase.ConnectionAddressTest" name="validateEmptyValidationMessageConnectionAddressPageTest" time="99.166"/>
  <testcase classname="com.qa.testcase.ConnectionAddressTest" name="validateBillingdeliveryAddressTest">
    <skipped/>
  </testcase> <!-- validateBillingdeliveryAddressTest -->
  <testcase classname="com.qa.testcase.ConnectionAddressTest" name="validateAllSectionConnectionAddressPageTest">
    <skipped/>
  </testcase> <!-- validateAllSectionConnectionAddressPageTest -->
  <testcase classname="com.qa.testcase.ConnectionAddressTest" name="validateConnectionDetailsSectionTest">
    <skipped/>
  </testcase> <!-- validateConnectionDetailsSectionTest -->
</testsuite> <!-- com.qa.testcase.ConnectionAddressTest -->
