<?xml version="1.0" encoding="UTF-8"?>
<!-- Generated by org.testng.reporters.JUnitReportReporter -->
<testsuite hostname="paramdeep-QA" failures="0" tests="3" name="com.qa.testcase.AddOnPageTest" time="51.689" errors="0" timestamp="18 Nov 2021 10:33:15 GMT" skipped="2">
  <testcase classname="com.qa.testcase.AddOnPageTest" name="validatePlanNameTest" time="51.689"/>
  <testcase classname="com.qa.testcase.AddOnPageTest" name="validateFullJourneyTest">
    <skipped/>
  </testcase> <!-- validateFullJourneyTest -->
  <testcase classname="com.qa.testcase.AddOnPageTest" name="validateAddOntitleTest">
    <skipped/>
  </testcase> <!-- validateAddOntitleTest -->
</testsuite> <!-- com.qa.testcase.AddOnPageTest -->
