<?xml version="1.0" encoding="UTF-8"?>
<!-- Generated by org.testng.reporters.JUnitReportReporter -->
<testsuite hostname="paramdeep-QA" failures="0" tests="1" name="com.qa.testcase.OtpTest" time="135.762" errors="0" timestamp="20 Aug 2021 10:28:28 GMT" skipped="0">
  <testcase classname="com.qa.testcase.OtpTest" name="validateOTPTest" time="135.762"/>
</testsuite> <!-- com.qa.testcase.OtpTest -->
