<?xml version="1.0" encoding="UTF-8"?>
<!-- Generated by org.testng.reporters.JUnitReportReporter -->
<testsuite hostname="paramdeep-QA" failures="0" tests="1" name="com.qa.testcase.OtpTest" time="114.203" errors="0" timestamp="20 Sep 2021 06:46:54 GMT" skipped="0">
  <testcase classname="com.qa.testcase.OtpTest" name="validateOTPTest" time="114.203"/>
</testsuite> <!-- com.qa.testcase.OtpTest -->
