<?xml version="1.0" encoding="UTF-8"?>
<!-- Generated by org.testng.reporters.JUnitReportReporter -->
<testsuite hostname="paramdeep-QA" failures="0" tests="4" name="com.qa.testcase.PopUpPageTest" time="41.308" errors="0" timestamp="05 Aug 2021 18:47:38 GMT" skipped="3">
  <testcase classname="com.qa.testcase.PopUpPageTest" name="validateTopBarFeaturesTest" time="41.308"/>
  <testcase classname="com.qa.testcase.PopUpPageTest" name="validateValidationsTest">
    <skipped/>
  </testcase> <!-- validateValidationsTest -->
  <testcase classname="com.qa.testcase.PopUpPageTest" name="validateCredentialsTest">
    <skipped/>
  </testcase> <!-- validateCredentialsTest -->
  <testcase classname="com.qa.testcase.PopUpPageTest" name="validateWrongCredentialsTest">
    <skipped/>
  </testcase> <!-- validateWrongCredentialsTest -->
</testsuite> <!-- com.qa.testcase.PopUpPageTest -->
