<?xml version="1.0" encoding="UTF-8"?>
<!-- Generated by org.testng.reporters.JUnitReportReporter -->
<testsuite hostname="paramdeep-QA" failures="0" tests="2" name="com.qa.testcase.ConnectionAddressTest" time="80.725" errors="0" timestamp="09 Aug 2021 16:20:37 GMT" skipped="1">
  <testcase classname="com.qa.testcase.ConnectionAddressTest" name="validateBillingdeliveryAddressTest" time="80.725"/>
  <testcase classname="com.qa.testcase.ConnectionAddressTest" name="validateConnectionDetailsSectionTest">
    <skipped/>
  </testcase> <!-- validateConnectionDetailsSectionTest -->
</testsuite> <!-- com.qa.testcase.ConnectionAddressTest -->
