<?xml version="1.0" encoding="UTF-8"?>
<!-- Generated by org.testng.reporters.JUnitReportReporter -->
<testsuite hostname="paramdeep-QA" failures="0" tests="5" name="com.qa.testcase.PopUpPageTest" time="73.864" errors="0" timestamp="22 Oct 2021 10:10:25 GMT" skipped="4">
  <testcase classname="com.qa.testcase.PopUpPageTest" name="validateCheckPlanTest" time="73.864"/>
  <testcase classname="com.qa.testcase.PopUpPageTest" name="validateValidationsTest">
    <skipped/>
  </testcase> <!-- validateValidationsTest -->
  <testcase classname="com.qa.testcase.PopUpPageTest" name="validateTopBarFeaturesTest">
    <skipped/>
  </testcase> <!-- validateTopBarFeaturesTest -->
  <testcase classname="com.qa.testcase.PopUpPageTest" name="validateCredentialsTest">
    <skipped/>
  </testcase> <!-- validateCredentialsTest -->
  <testcase classname="com.qa.testcase.PopUpPageTest" name="validateWrongCredentialsTest">
    <skipped/>
  </testcase> <!-- validateWrongCredentialsTest -->
</testsuite> <!-- com.qa.testcase.PopUpPageTest -->
