<?xml version="1.0" encoding="UTF-8"?>
<!-- Generated by org.testng.reporters.JUnitReportReporter -->
<testsuite hostname="paramdeep-QA" failures="0" tests="2" name="com.qa.testcase.AddOnPageTest" time="53.293" errors="0" timestamp="27 Sep 2021 15:42:33 GMT" skipped="1">
  <testcase classname="com.qa.testcase.AddOnPageTest" name="validateFullJourneyTest" time="53.293"/>
  <testcase classname="com.qa.testcase.AddOnPageTest" name="validateAddOntitleTest">
    <skipped/>
  </testcase> <!-- validateAddOntitleTest -->
</testsuite> <!-- com.qa.testcase.AddOnPageTest -->
