<?xml version="1.0" encoding="UTF-8"?>
<!-- Generated by org.testng.reporters.JUnitReportReporter -->
<testsuite hostname="paramdeep-QA" failures="0" tests="4" name="com.qa.testcase.ConnectionAddressTest" time="71.995" errors="0" timestamp="29 Aug 2021 10:40:38 GMT" skipped="3">
  <testcase classname="com.qa.testcase.ConnectionAddressTest" name="validateEmptyValidationMessageConnectionAddressPageTest" time="71.995"/>
  <testcase classname="com.qa.testcase.ConnectionAddressTest" name="validateBillingdeliveryAddressTest">
    <skipped/>
  </testcase> <!-- validateBillingdeliveryAddressTest -->
  <testcase classname="com.qa.testcase.ConnectionAddressTest" name="validateConnectionDetailsSectionTest">
    <skipped/>
  </testcase> <!-- validateConnectionDetailsSectionTest -->
  <testcase classname="com.qa.testcase.ConnectionAddressTest" name="validateAllSectionConnectionAddressPageTest">
    <skipped/>
  </testcase> <!-- validateAllSectionConnectionAddressPageTest -->
</testsuite> <!-- com.qa.testcase.ConnectionAddressTest -->
