<?xml version="1.0" encoding="UTF-8"?>
<!-- Generated by org.testng.reporters.JUnitReportReporter -->
<testsuite hostname="paramdeep-QA" failures="0" tests="2" name="com.qa.testcase.BasicInfoPageTest" time="68.378" errors="0" timestamp="07 Aug 2021 09:03:20 GMT" skipped="1">
  <testcase classname="com.qa.testcase.BasicInfoPageTest" name="validateErrorMessagesTest" time="68.378"/>
  <testcase classname="com.qa.testcase.BasicInfoPageTest" name="validateAddOntitleTest">
    <skipped/>
  </testcase> <!-- validateAddOntitleTest -->
</testsuite> <!-- com.qa.testcase.BasicInfoPageTest -->
