<?xml version="1.0" encoding="UTF-8"?>
<!-- Generated by org.testng.reporters.JUnitReportReporter -->
<testsuite hostname="paramdeep-QA" failures="0" tests="1" name="com.qa.testcase.SaleCreatedTest" time="142.589" errors="0" timestamp="28 Oct 2021 19:05:34 GMT" skipped="0">
  <testcase classname="com.qa.testcase.SaleCreatedTest" name="validateYourDetailsTest" time="142.589"/>
</testsuite> <!-- com.qa.testcase.SaleCreatedTest -->
