<?xml version="1.0" encoding="UTF-8"?>
<!-- Generated by org.testng.reporters.JUnitReportReporter -->
<testsuite hostname="paramdeep-QA" failures="0" tests="5" name="com.qa.testcase.PopUpPageTest" time="101.514" errors="0" timestamp="15 Aug 2021 18:14:07 GMT" skipped="4">
  <testcase classname="com.qa.testcase.PopUpPageTest" name="validateCheckPlanTest" time="101.514"/>
  <testcase classname="com.qa.testcase.PopUpPageTest" name="validateValidationsTest">
    <skipped/>
  </testcase> <!-- validateValidationsTest -->
  <testcase classname="com.qa.testcase.PopUpPageTest" name="validateTopBarFeaturesTest">
    <skipped/>
  </testcase> <!-- validateTopBarFeaturesTest -->
  <testcase classname="com.qa.testcase.PopUpPageTest" name="validateCredentialsTest">
    <skipped/>
  </testcase> <!-- validateCredentialsTest -->
  <testcase classname="com.qa.testcase.PopUpPageTest" name="validateWrongCredentialsTest">
    <skipped/>
  </testcase> <!-- validateWrongCredentialsTest -->
</testsuite> <!-- com.qa.testcase.PopUpPageTest -->
