<?xml version="1.0" encoding="UTF-8"?>
<!-- Generated by org.testng.reporters.JUnitReportReporter -->
<testsuite hostname="paramdeep-QA" failures="0" tests="1" name="com.qa.testcase.SaleCreatedTest" time="120.525" errors="0" timestamp="02 Nov 2021 18:02:36 GMT" skipped="0">
  <testcase classname="com.qa.testcase.SaleCreatedTest" name="validateYourDetailsTest" time="120.525"/>
</testsuite> <!-- com.qa.testcase.SaleCreatedTest -->
