<?xml version="1.0" encoding="UTF-8"?>
<!-- Generated by org.testng.reporters.JUnitReportReporter -->
<testsuite hostname="paramdeep-QA" failures="0" tests="5" name="com.qa.testcase.PopUpPageTest" time="156.722" errors="0" timestamp="27 Aug 2021 21:16:41 GMT" skipped="4">
  <testcase classname="com.qa.testcase.PopUpPageTest" name="validateCheckPlanTest" time="156.722"/>
  <testcase classname="com.qa.testcase.PopUpPageTest" name="validateValidationsTest">
    <skipped/>
  </testcase> <!-- validateValidationsTest -->
  <testcase classname="com.qa.testcase.PopUpPageTest" name="validateTopBarFeaturesTest">
    <skipped/>
  </testcase> <!-- validateTopBarFeaturesTest -->
  <testcase classname="com.qa.testcase.PopUpPageTest" name="validateCredentialsTest">
    <skipped/>
  </testcase> <!-- validateCredentialsTest -->
  <testcase classname="com.qa.testcase.PopUpPageTest" name="validateWrongCredentialsTest">
    <skipped/>
  </testcase> <!-- validateWrongCredentialsTest -->
</testsuite> <!-- com.qa.testcase.PopUpPageTest -->
