<?xml version="1.0" encoding="UTF-8"?>
<!-- Generated by org.testng.reporters.JUnitReportReporter -->
<testsuite hostname="paramdeep-QA" failures="0" tests="1" name="com.qa.testcase.BrokenLinkTest" time="591.736" errors="0" timestamp="06 Mar 2022 07:44:59 GMT" skipped="0">
  <testcase classname="com.qa.testcase.BrokenLinkTest" name="validateBrokenLinksTest" time="591.736"/>
</testsuite> <!-- com.qa.testcase.BrokenLinkTest -->
