<?xml version="1.0" encoding="UTF-8"?>
<!-- Generated by org.testng.reporters.JUnitReportReporter -->
<testsuite hostname="paramdeep-QA" failures="0" tests="5" name="com.qa.testcase.AddressDetailsTest" time="28.313" errors="0" timestamp="02 Dec 2021 17:11:54 GMT" skipped="4">
  <testcase classname="com.qa.testcase.AddressDetailsTest" name="validateNextButtonTest" time="28.313"/>
  <testcase classname="com.qa.testcase.AddressDetailsTest" name="validateSpecialNoteTest">
    <skipped/>
  </testcase> <!-- validateSpecialNoteTest -->
  <testcase classname="com.qa.testcase.AddressDetailsTest" name="validateWeekendDateTest">
    <skipped/>
  </testcase> <!-- validateWeekendDateTest -->
  <testcase classname="com.qa.testcase.AddressDetailsTest" name="validateSelectDateTest">
    <skipped/>
  </testcase> <!-- validateSelectDateTest -->
  <testcase classname="com.qa.testcase.AddressDetailsTest" name="validateRibbonTest">
    <skipped/>
  </testcase> <!-- validateRibbonTest -->
</testsuite> <!-- com.qa.testcase.AddressDetailsTest -->
