<?xml version="1.0" encoding="UTF-8"?>
<!-- Generated by org.testng.reporters.JUnitReportReporter -->
<testsuite hostname="paramdeep-QA" failures="0" tests="1" name="com.qa.testcase.BrokenLinkTest" time="64.031" errors="0" timestamp="14 Feb 2022 14:01:45 GMT" skipped="0">
  <testcase classname="com.qa.testcase.BrokenLinkTest" name="validateBrokenLinksTest" time="64.031"/>
</testsuite> <!-- com.qa.testcase.BrokenLinkTest -->
