<?xml version="1.0" encoding="UTF-8"?>
<!-- Generated by org.testng.reporters.JUnitReportReporter -->
<testsuite hostname="paramdeep-QA" failures="0" tests="7" name="com.qa.testcase.BasicInfoPageTest" time="110.060" errors="0" timestamp="25 Aug 2021 19:31:03 GMT" skipped="6">
  <testcase classname="com.qa.testcase.BasicInfoPageTest" name="validatevalidationmessagesTest" time="110.060"/>
  <testcase classname="com.qa.testcase.BasicInfoPageTest" name="validateconnectionDetailsSectionTest">
    <skipped/>
  </testcase> <!-- validateconnectionDetailsSectionTest -->
  <testcase classname="com.qa.testcase.BasicInfoPageTest" name="validateYourDetailsSectionTest">
    <skipped/>
  </testcase> <!-- validateYourDetailsSectionTest -->
  <testcase classname="com.qa.testcase.BasicInfoPageTest" name="validateAddOntitleTest">
    <skipped/>
  </testcase> <!-- validateAddOntitleTest -->
  <testcase classname="com.qa.testcase.BasicInfoPageTest" name="validateIdentificationDetailsSectionTest">
    <skipped/>
  </testcase> <!-- validateIdentificationDetailsSectionTest -->
  <testcase classname="com.qa.testcase.BasicInfoPageTest" name="validateErrorMessagesTest">
    <skipped/>
  </testcase> <!-- validateErrorMessagesTest -->
  <testcase classname="com.qa.testcase.BasicInfoPageTest" name="validateAllSectionTest">
    <skipped/>
  </testcase> <!-- validateAllSectionTest -->
</testsuite> <!-- com.qa.testcase.BasicInfoPageTest -->
