<?xml version="1.0" encoding="UTF-8"?>
<!-- Generated by org.testng.reporters.JUnitReportReporter -->
<testsuite hostname="paramdeep-QA" failures="0" tests="2" name="com.qa.testcase.SaleCreatedTest" time="3.510" errors="1" timestamp="14 Feb 2022 13:27:19 GMT" skipped="1">
  <testcase classname="com.qa.testcase.SaleCreatedTest" name="setup" time="3.510">
    <error message="session not created: This version of ChromeDriver only supports Chrome version 95
Current browser version is 98.0.4758.81 with binary path C:\Program Files\Google\Chrome\Application\chrome.exe
Build info: version: &#039;3.141.59&#039;, revision: &#039;e82be7d358&#039;, time: &#039;2018-11-14T08:17:03&#039;
System info: host: &#039;PARAMDEEP-QA&#039;, ip: &#039;192.168.1.9&#039;, os.name: &#039;Windows 10&#039;, os.arch: &#039;amd64&#039;, os.version: &#039;10.0&#039;, java.version: &#039;11.0.11&#039;
Driver info: driver.version: ChromeDriver
remote stacktrace: Backtrace:
	Ordinal0 [0x009B3AB3+2505395]
	Ordinal0 [0x0094AE41+2076225]
	Ordinal0 [0x00852498+1057944]
	Ordinal0 [0x00870841+1181761]
	Ordinal0 [0x0086C64B+1164875]
	Ordinal0 [0x00869EBF+1154751]
	Ordinal0 [0x0089A02F+1351727]
	Ordinal0 [0x00899C9A+1350810]
	Ordinal0 [0x008958BB+1333435]
	Ordinal0 [0x008723E4+1188836]
	Ordinal0 [0x0087323F+1192511]
	GetHandleVerifier [0x00B3CB36+1554566]
	GetHandleVerifier [0x00BE4A0C+2242396]
	GetHandleVerifier [0x00A40E0B+523099]
	GetHandleVerifier [0x00A3FEB0+519168]
	Ordinal0 [0x009502FD+2097917]
	Ordinal0 [0x00954388+2114440]
	Ordinal0 [0x009544C2+2114754]
	Ordinal0 [0x0095E041+2154561]
	BaseThreadInitThunk [0x7582FA29+25]
	RtlGetAppContainerNamedObjectPath [0x77167A9E+286]
	RtlGetAppContainerNamedObjectPath [0x77167A6E+238]
" type="org.openqa.selenium.SessionNotCreatedException">
      <![CDATA[org.openqa.selenium.SessionNotCreatedException: session not created: This version of ChromeDriver only supports Chrome version 95
Current browser version is 98.0.4758.81 with binary path C:\Program Files\Google\Chrome\Application\chrome.exe
Build info: version: '3.141.59', revision: 'e82be7d358', time: '2018-11-14T08:17:03'
System info: host: 'PARAMDEEP-QA', ip: '192.168.1.9', os.name: 'Windows 10', os.arch: 'amd64', os.version: '10.0', java.version: '11.0.11'
Driver info: driver.version: ChromeDriver
remote stacktrace: Backtrace:
Ordinal0 [0x009B3AB3+2505395]
Ordinal0 [0x0094AE41+2076225]
Ordinal0 [0x00852498+1057944]
Ordinal0 [0x00870841+1181761]
Ordinal0 [0x0086C64B+1164875]
Ordinal0 [0x00869EBF+1154751]
Ordinal0 [0x0089A02F+1351727]
Ordinal0 [0x00899C9A+1350810]
Ordinal0 [0x008958BB+1333435]
Ordinal0 [0x008723E4+1188836]
Ordinal0 [0x0087323F+1192511]
GetHandleVerifier [0x00B3CB36+1554566]
GetHandleVerifier [0x00BE4A0C+2242396]
GetHandleVerifier [0x00A40E0B+523099]
GetHandleVerifier [0x00A3FEB0+519168]
Ordinal0 [0x009502FD+2097917]
Ordinal0 [0x00954388+2114440]
Ordinal0 [0x009544C2+2114754]
Ordinal0 [0x0095E041+2154561]
BaseThreadInitThunk [0x7582FA29+25]
RtlGetAppContainerNamedObjectPath [0x77167A9E+286]
RtlGetAppContainerNamedObjectPath [0x77167A6E+238]

at java.base/jdk.internal.reflect.NativeConstructorAccessorImpl.newInstance0(Native Method)
at java.base/jdk.internal.reflect.NativeConstructorAccessorImpl.newInstance(NativeConstructorAccessorImpl.java:62)
at java.base/jdk.internal.reflect.DelegatingConstructorAccessorImpl.newInstance(DelegatingConstructorAccessorImpl.java:45)
at java.base/java.lang.reflect.Constructor.newInstance(Constructor.java:490)
at org.openqa.selenium.remote.W3CHandshakeResponse.lambda$errorHandler$0(W3CHandshakeResponse.java:62)
at org.openqa.selenium.remote.HandshakeResponse.lambda$getResponseFunction$0(HandshakeResponse.java:30)
at org.openqa.selenium.remote.ProtocolHandshake.lambda$createSession$0(ProtocolHandshake.java:126)
at java.base/java.util.stream.ReferencePipeline$3$1.accept(ReferencePipeline.java:195)
at java.base/java.util.Spliterators$ArraySpliterator.tryAdvance(Spliterators.java:958)
at java.base/java.util.stream.ReferencePipeline.forEachWithCancel(ReferencePipeline.java:127)
at java.base/java.util.stream.AbstractPipeline.copyIntoWithCancel(AbstractPipeline.java:502)
at java.base/java.util.stream.AbstractPipeline.copyInto(AbstractPipeline.java:488)
at java.base/java.util.stream.AbstractPipeline.wrapAndCopyInto(AbstractPipeline.java:474)
at java.base/java.util.stream.FindOps$FindOp.evaluateSequential(FindOps.java:150)
at java.base/java.util.stream.AbstractPipeline.evaluate(AbstractPipeline.java:234)
at java.base/java.util.stream.ReferencePipeline.findFirst(ReferencePipeline.java:543)
at org.openqa.selenium.remote.ProtocolHandshake.createSession(ProtocolHandshake.java:128)
at org.openqa.selenium.remote.ProtocolHandshake.createSession(ProtocolHandshake.java:74)
at org.openqa.selenium.remote.HttpCommandExecutor.execute(HttpCommandExecutor.java:136)
at org.openqa.selenium.remote.service.DriverCommandExecutor.execute(DriverCommandExecutor.java:83)
at org.openqa.selenium.remote.RemoteWebDriver.execute(RemoteWebDriver.java:552)
at org.openqa.selenium.remote.RemoteWebDriver.startSession(RemoteWebDriver.java:213)
at org.openqa.selenium.remote.RemoteWebDriver.<init>(RemoteWebDriver.java:131)
at org.openqa.selenium.chrome.ChromeDriver.<init>(ChromeDriver.java:181)
at org.openqa.selenium.chrome.ChromeDriver.<init>(ChromeDriver.java:168)
at org.openqa.selenium.chrome.ChromeDriver.<init>(ChromeDriver.java:157)
at com.qa.base.Testbase.initialization(Testbase.java:66)
at com.qa.testcase.SaleCreatedTest.setup(SaleCreatedTest.java:38)
at java.base/jdk.internal.reflect.NativeMethodAccessorImpl.invoke0(Native Method)
at java.base/jdk.internal.reflect.NativeMethodAccessorImpl.invoke(NativeMethodAccessorImpl.java:62)
at java.base/jdk.internal.reflect.DelegatingMethodAccessorImpl.invoke(DelegatingMethodAccessorImpl.java:43)
at java.base/java.lang.reflect.Method.invoke(Method.java:566)
at org.testng.internal.MethodInvocationHelper.invokeMethod(MethodInvocationHelper.java:124)
at org.testng.internal.MethodInvocationHelper.invokeMethodConsideringTimeout(MethodInvocationHelper.java:59)
at org.testng.internal.Invoker.invokeConfigurationMethod(Invoker.java:458)
at org.testng.internal.Invoker.invokeConfigurations(Invoker.java:222)
at org.testng.internal.Invoker.invokeMethod(Invoker.java:523)
at org.testng.internal.Invoker.invokeTestMethod(Invoker.java:719)
at org.testng.internal.Invoker.invokeTestMethods(Invoker.java:989)
at org.testng.internal.TestMethodWorker.invokeTestMethods(TestMethodWorker.java:125)
at org.testng.internal.TestMethodWorker.run(TestMethodWorker.java:109)
at org.testng.TestRunner.privateRun(TestRunner.java:648)
at org.testng.TestRunner.run(TestRunner.java:505)
at org.testng.SuiteRunner.runTest(SuiteRunner.java:455)
at org.testng.SuiteRunner.runSequentially(SuiteRunner.java:450)
at org.testng.SuiteRunner.privateRun(SuiteRunner.java:415)
at org.testng.SuiteRunner.run(SuiteRunner.java:364)
at org.testng.SuiteRunnerWorker.runSuite(SuiteRunnerWorker.java:52)
at org.testng.SuiteRunnerWorker.run(SuiteRunnerWorker.java:84)
at org.testng.TestNG.runSuitesSequentially(TestNG.java:1208)
at org.testng.TestNG.runSuitesLocally(TestNG.java:1137)
at org.testng.TestNG.runSuites(TestNG.java:1049)
at org.testng.TestNG.run(TestNG.java:1017)
at org.testng.remote.AbstractRemoteTestNG.run(AbstractRemoteTestNG.java:115)
at org.testng.remote.RemoteTestNG.initAndRun(RemoteTestNG.java:251)
at org.testng.remote.RemoteTestNG.main(RemoteTestNG.java:77)
]]>
    </error>
  </testcase> <!-- setup -->
  <testcase classname="com.qa.testcase.SaleCreatedTest" name="validateYourDetailsTest" time="0.000">
    <skipped/>
  </testcase> <!-- validateYourDetailsTest -->
</testsuite> <!-- com.qa.testcase.SaleCreatedTest -->
