<?xml version="1.0" encoding="UTF-8"?>
<!-- Generated by org.testng.reporters.JUnitReportReporter -->
<testsuite hostname="paramdeep-QA" failures="0" tests="3" name="com.qa.testcase.AddressDetailsTest" time="24.129" errors="0" timestamp="27 Aug 2021 20:35:01 GMT" skipped="2">
  <testcase classname="com.qa.testcase.AddressDetailsTest" name="validateNextButtonTest" time="24.129"/>
  <testcase classname="com.qa.testcase.AddressDetailsTest" name="validateSpecialNoteTest">
    <skipped/>
  </testcase> <!-- validateSpecialNoteTest -->
  <testcase classname="com.qa.testcase.AddressDetailsTest" name="validateRibbonTest">
    <skipped/>
  </testcase> <!-- validateRibbonTest -->
</testsuite> <!-- com.qa.testcase.AddressDetailsTest -->
