<?xml version="1.0" encoding="UTF-8"?>
<!-- Generated by org.testng.reporters.JUnitReportReporter -->
<testsuite hostname="paramdeep-QA" failures="0" tests="5" name="com.qa.testcase.PopUpPageTest" time="146.895" errors="0" timestamp="02 Sep 2021 15:22:13 GMT" skipped="1">
  <testcase classname="com.qa.testcase.PopUpPageTest" name="validateValidationsTest" time="33.666"/>
  <testcase classname="com.qa.testcase.PopUpPageTest" name="validateCredentialsTest" time="31.177"/>
  <testcase classname="com.qa.testcase.PopUpPageTest" name="validateWrongCredentialsTest" time="37.552"/>
  <testcase classname="com.qa.testcase.PopUpPageTest" name="validateCheckPlanTest" time="44.500"/>
  <testcase classname="com.qa.testcase.PopUpPageTest" name="validateTopBarFeaturesTest">
    <skipped/>
  </testcase> <!-- validateTopBarFeaturesTest -->
</testsuite> <!-- com.qa.testcase.PopUpPageTest -->
