<?xml version="1.0" encoding="UTF-8"?>
<!-- Generated by org.testng.reporters.JUnitReportReporter -->
<testsuite hostname="paramdeep-QA" failures="0" tests="1" name="com.qa.testcase.OtpTest" time="85.044" errors="0" timestamp="27 Aug 2021 21:42:01 GMT" skipped="0">
  <testcase classname="com.qa.testcase.OtpTest" name="validateOTPTest" time="85.044"/>
</testsuite> <!-- com.qa.testcase.OtpTest -->
