<?xml version="1.0" encoding="UTF-8"?>
<!-- Generated by org.testng.reporters.JUnitReportReporter -->
<testsuite hostname="paramdeep-QA" failures="0" tests="1" name="com.qa.testcase.SaleCreatedTest" time="135.064" errors="0" timestamp="27 Oct 2021 17:56:38 GMT" skipped="0">
  <testcase classname="com.qa.testcase.SaleCreatedTest" name="validateYourDetailsTest" time="135.064"/>
</testsuite> <!-- com.qa.testcase.SaleCreatedTest -->
