<?xml version="1.0" encoding="UTF-8"?>
<!-- Generated by org.testng.reporters.JUnitReportReporter -->
<testsuite hostname="paramdeep-QA" failures="0" tests="5" name="com.qa.testcase.ConnectionAddressTest" time="151.433" errors="0" timestamp="12 Sep 2021 18:13:16 GMT" skipped="4">
  <testcase classname="com.qa.testcase.ConnectionAddressTest" name="validateAllSectionConnectionAddressPageTest" time="151.433"/>
  <testcase classname="com.qa.testcase.ConnectionAddressTest" name="validateBillingdeliveryAddressTest">
    <skipped/>
  </testcase> <!-- validateBillingdeliveryAddressTest -->
  <testcase classname="com.qa.testcase.ConnectionAddressTest" name="validateConnectionDeliverDateTest">
    <skipped/>
  </testcase> <!-- validateConnectionDeliverDateTest -->
  <testcase classname="com.qa.testcase.ConnectionAddressTest" name="validateConnectionDetailsSectionTest">
    <skipped/>
  </testcase> <!-- validateConnectionDetailsSectionTest -->
  <testcase classname="com.qa.testcase.ConnectionAddressTest" name="validateEmptyValidationMessageConnectionAddressPageTest">
    <skipped/>
  </testcase> <!-- validateEmptyValidationMessageConnectionAddressPageTest -->
</testsuite> <!-- com.qa.testcase.ConnectionAddressTest -->
