<?xml version="1.0" encoding="UTF-8"?>
<!-- Generated by org.testng.reporters.JUnitReportReporter -->
<testsuite hostname="paramdeep-QA" failures="0" tests="1" name="com.qa.testcase.OtpTest" time="133.080" errors="0" timestamp="23 Oct 2021 19:20:15 GMT" skipped="0">
  <testcase classname="com.qa.testcase.OtpTest" name="validateOTPTest" time="133.080"/>
</testsuite> <!-- com.qa.testcase.OtpTest -->
