<?xml version="1.0" encoding="UTF-8"?>
<!-- Generated by org.testng.reporters.JUnitReportReporter -->
<testsuite hostname="paramdeep-QA" failures="0" tests="7" name="com.qa.testcase.BasicInfoPageTest" time="154.071" errors="0" timestamp="03 Sep 2021 15:30:25 GMT" skipped="5">
  <testcase classname="com.qa.testcase.BasicInfoPageTest" name="validatevalidationmessagesTest" time="77.464"/>
  <testcase classname="com.qa.testcase.BasicInfoPageTest" name="validateAllSectionTest" time="76.607"/>
  <testcase classname="com.qa.testcase.BasicInfoPageTest" name="validateconnectionDetailsSectionTest">
    <skipped/>
  </testcase> <!-- validateconnectionDetailsSectionTest -->
  <testcase classname="com.qa.testcase.BasicInfoPageTest" name="validateYourDetailsSectionTest">
    <skipped/>
  </testcase> <!-- validateYourDetailsSectionTest -->
  <testcase classname="com.qa.testcase.BasicInfoPageTest" name="validateAddOntitleTest">
    <skipped/>
  </testcase> <!-- validateAddOntitleTest -->
  <testcase classname="com.qa.testcase.BasicInfoPageTest" name="validateIdentificationDetailsSectionTest">
    <skipped/>
  </testcase> <!-- validateIdentificationDetailsSectionTest -->
  <testcase classname="com.qa.testcase.BasicInfoPageTest" name="validateErrorMessagesTest">
    <skipped/>
  </testcase> <!-- validateErrorMessagesTest -->
</testsuite> <!-- com.qa.testcase.BasicInfoPageTest -->
